2024-03-05 22:10:41 [main] INFO  admin.Application - Starting Application using Java 17.0.10 with PID 113828 (/home/amur/Рабочий стол/Создать папку/DishBot/admin-dashboard/target/classes started by amur in /home/amur/Рабочий стол/Создать папку/DishBot)
2024-03-05 22:10:41 [main] INFO  admin.Application - No active profile set, falling back to 1 default profile: "default"
2024-03-05 22:10:42 [main] INFO  o.s.d.r.c.RepositoryConfigurationDelegate - Bootstrapping Spring Data JPA repositories in DEFAULT mode.
2024-03-05 22:10:42 [main] INFO  o.s.d.r.c.RepositoryConfigurationDelegate - Finished Spring Data repository scanning in 52 ms. Found 6 JPA repository interfaces.
2024-03-05 22:10:42 [main] INFO  o.s.b.w.e.tomcat.TomcatWebServer - Tomcat initialized with port 8080 (http)
2024-03-05 22:10:42 [main] INFO  o.a.catalina.core.StandardService - Starting service [Tomcat]
2024-03-05 22:10:42 [main] INFO  o.a.catalina.core.StandardEngine - Starting Servlet engine: [Apache Tomcat/10.1.19]
2024-03-05 22:10:42 [main] INFO  o.a.c.c.C.[.[localhost].[/admin] - Initializing Spring embedded WebApplicationContext
2024-03-05 22:10:42 [main] INFO  o.s.b.w.s.c.ServletWebServerApplicationContext - Root WebApplicationContext: initialization completed in 1203 ms
2024-03-05 22:10:43 [main] INFO  com.zaxxer.hikari.HikariDataSource - HikariPool-1 - Starting...
2024-03-05 22:10:43 [main] INFO  com.zaxxer.hikari.pool.HikariPool - HikariPool-1 - Added connection org.postgresql.jdbc.PgConnection@6d7ad0f5
2024-03-05 22:10:43 [main] INFO  com.zaxxer.hikari.HikariDataSource - HikariPool-1 - Start completed.
2024-03-05 22:10:43 [main] INFO  o.h.jpa.internal.util.LogHelper - HHH000204: Processing PersistenceUnitInfo [name: default]
2024-03-05 22:10:43 [main] INFO  org.hibernate.Version - HHH000412: Hibernate ORM core version 6.4.1.Final
2024-03-05 22:10:43 [main] INFO  o.h.c.i.RegionFactoryInitiator - HHH000026: Second-level cache disabled
2024-03-05 22:10:43 [main] INFO  o.s.o.j.p.SpringPersistenceUnitInfo - No LoadTimeWeaver setup: ignoring JPA class transformer
2024-03-05 22:10:44 [main] INFO  o.h.e.t.j.p.i.JtaPlatformInitiator - HHH000489: No JTA platform available (set 'hibernate.transaction.jta.platform' to enable JTA platform integration)
2024-03-05 22:10:44 [main] INFO  o.s.o.j.LocalContainerEntityManagerFactoryBean - Initialized JPA EntityManagerFactory for persistence unit 'default'
2024-03-05 22:10:45 [main] WARN  o.s.b.a.o.j.JpaBaseConfiguration$JpaWebConfiguration - spring.jpa.open-in-view is enabled by default. Therefore, database queries may be performed during view rendering. Explicitly configure spring.jpa.open-in-view to disable this warning
2024-03-05 22:10:45 [main] INFO  o.s.b.a.w.s.WelcomePageHandlerMapping - Adding welcome page template: index
2024-03-05 22:10:45 [main] INFO  o.s.s.web.DefaultSecurityFilterChain - Will secure any request with [org.springframework.security.web.session.DisableEncodeUrlFilter@10acfe30, org.springframework.security.web.context.request.async.WebAsyncManagerIntegrationFilter@22bbbe6, org.springframework.security.web.context.SecurityContextHolderFilter@4fe8ac61, org.springframework.security.web.header.HeaderWriterFilter@6a486afb, org.springframework.web.filter.CorsFilter@789d45f7, org.springframework.security.web.csrf.CsrfFilter@66e27ac9, org.springframework.security.web.authentication.logout.LogoutFilter@7a553110, org.springframework.security.web.authentication.UsernamePasswordAuthenticationFilter@74fd5fb0, org.springframework.security.web.savedrequest.RequestCacheAwareFilter@4795876e, org.springframework.security.web.servletapi.SecurityContextHolderAwareRequestFilter@5c8859b4, org.springframework.security.web.authentication.rememberme.RememberMeAuthenticationFilter@22db12f6, org.springframework.security.web.authentication.AnonymousAuthenticationFilter@240c626d, org.springframework.security.web.access.ExceptionTranslationFilter@6278371a, org.springframework.security.web.access.intercept.AuthorizationFilter@2f1b8770]
2024-03-05 22:10:45 [main] ERROR freemarker.configuration - DefaultObjectWrapper.incompatibleImprovements was set to the object returned by Configuration.getVersion(). That defeats the purpose of incompatibleImprovements, and makes upgrading FreeMarker a potentially breaking change. Also, this probably won't be allowed starting from 2.4.0. Instead, set incompatibleImprovements to the highest concrete version that's known to be compatible with your application.
2024-03-05 22:10:45 [main] WARN  o.s.b.w.s.c.AnnotationConfigServletWebServerApplicationContext - Exception encountered during context initialization - cancelling refresh attempt: org.springframework.context.ApplicationContextException: Failed to start bean 'webServerStartStop'
2024-03-05 22:10:45 [main] INFO  o.s.o.j.LocalContainerEntityManagerFactoryBean - Closing JPA EntityManagerFactory for persistence unit 'default'
2024-03-05 22:10:45 [main] INFO  com.zaxxer.hikari.HikariDataSource - HikariPool-1 - Shutdown initiated...
2024-03-05 22:10:45 [main] INFO  com.zaxxer.hikari.HikariDataSource - HikariPool-1 - Shutdown completed.
2024-03-05 22:10:45 [main] INFO  o.s.b.a.l.ConditionEvaluationReportLogger - 

Error starting ApplicationContext. To display the condition evaluation report re-run your application with 'debug' enabled.
2024-03-05 22:10:45 [main] ERROR o.s.boot.SpringApplication - Application run failed
org.springframework.context.ApplicationContextException: Failed to start bean 'webServerStartStop'
	at org.springframework.context.support.DefaultLifecycleProcessor.doStart(DefaultLifecycleProcessor.java:291)
	at org.springframework.context.support.DefaultLifecycleProcessor$LifecycleGroup.start(DefaultLifecycleProcessor.java:471)
	at java.base/java.lang.Iterable.forEach(Iterable.java:75)
	at org.springframework.context.support.DefaultLifecycleProcessor.startBeans(DefaultLifecycleProcessor.java:260)
	at org.springframework.context.support.DefaultLifecycleProcessor.onRefresh(DefaultLifecycleProcessor.java:205)
	at org.springframework.context.support.AbstractApplicationContext.finishRefresh(AbstractApplicationContext.java:978)
	at org.springframework.context.support.AbstractApplicationContext.refresh(AbstractApplicationContext.java:627)
	at org.springframework.boot.web.servlet.context.ServletWebServerApplicationContext.refresh(ServletWebServerApplicationContext.java:146)
	at org.springframework.boot.SpringApplication.refresh(SpringApplication.java:754)
	at org.springframework.boot.SpringApplication.refreshContext(SpringApplication.java:456)
	at org.springframework.boot.SpringApplication.run(SpringApplication.java:334)
	at org.springframework.boot.SpringApplication.run(SpringApplication.java:1354)
	at org.springframework.boot.SpringApplication.run(SpringApplication.java:1343)
	at admin.Application.main(Application.java:10)
Caused by: org.springframework.boot.web.server.WebServerException: Unable to start embedded Tomcat server
	at org.springframework.boot.web.embedded.tomcat.TomcatWebServer.start(TomcatWebServer.java:249)
	at org.springframework.boot.web.servlet.context.WebServerStartStopLifecycle.start(WebServerStartStopLifecycle.java:44)
	at org.springframework.context.support.DefaultLifecycleProcessor.doStart(DefaultLifecycleProcessor.java:288)
	... 13 common frames omitted
Caused by: java.lang.IllegalArgumentException: standardService.connector.startFailed
	at org.apache.catalina.core.StandardService.addConnector(StandardService.java:235)
	at org.springframework.boot.web.embedded.tomcat.TomcatWebServer.addPreviouslyRemovedConnectors(TomcatWebServer.java:306)
	at org.springframework.boot.web.embedded.tomcat.TomcatWebServer.start(TomcatWebServer.java:234)
	... 15 common frames omitted
Caused by: org.apache.catalina.LifecycleException: Protocol handler start failed
	at org.apache.catalina.connector.Connector.startInternal(Connector.java:1046)
	at org.apache.catalina.util.LifecycleBase.start(LifecycleBase.java:171)
	at org.apache.catalina.core.StandardService.addConnector(StandardService.java:232)
	... 17 common frames omitted
Caused by: java.net.BindException: Адрес уже используется
	at java.base/sun.nio.ch.Net.bind0(Native Method)
	at java.base/sun.nio.ch.Net.bind(Net.java:555)
	at java.base/sun.nio.ch.ServerSocketChannelImpl.netBind(ServerSocketChannelImpl.java:337)
	at java.base/sun.nio.ch.ServerSocketChannelImpl.bind(ServerSocketChannelImpl.java:294)
	at org.apache.tomcat.util.net.NioEndpoint.initServerSocket(NioEndpoint.java:247)
	at org.apache.tomcat.util.net.NioEndpoint.bind(NioEndpoint.java:202)
	at org.apache.tomcat.util.net.AbstractEndpoint.bindWithCleanup(AbstractEndpoint.java:1282)
	at org.apache.tomcat.util.net.AbstractEndpoint.start(AbstractEndpoint.java:1368)
	at org.apache.coyote.AbstractProtocol.start(AbstractProtocol.java:635)
	at org.apache.catalina.connector.Connector.startInternal(Connector.java:1043)
	... 19 common frames omitted
2024-03-05 22:12:51 [main] INFO  admin.Application - Starting Application using Java 17.0.10 with PID 114098 (/home/amur/Рабочий стол/Создать папку/DishBot/admin-dashboard/target/classes started by amur in /home/amur/Рабочий стол/Создать папку/DishBot)
2024-03-05 22:12:51 [main] INFO  admin.Application - No active profile set, falling back to 1 default profile: "default"
2024-03-05 22:12:52 [main] INFO  o.s.d.r.c.RepositoryConfigurationDelegate - Bootstrapping Spring Data JPA repositories in DEFAULT mode.
2024-03-05 22:12:52 [main] INFO  o.s.d.r.c.RepositoryConfigurationDelegate - Finished Spring Data repository scanning in 95 ms. Found 6 JPA repository interfaces.
2024-03-05 22:12:53 [main] INFO  o.s.b.w.e.tomcat.TomcatWebServer - Tomcat initialized with port 8080 (http)
2024-03-05 22:12:53 [main] INFO  o.a.catalina.core.StandardService - Starting service [Tomcat]
2024-03-05 22:12:53 [main] INFO  o.a.catalina.core.StandardEngine - Starting Servlet engine: [Apache Tomcat/10.1.19]
2024-03-05 22:12:53 [main] INFO  o.a.c.c.C.[.[localhost].[/admin] - Initializing Spring embedded WebApplicationContext
2024-03-05 22:12:53 [main] INFO  o.s.b.w.s.c.ServletWebServerApplicationContext - Root WebApplicationContext: initialization completed in 2091 ms
2024-03-05 22:12:54 [main] INFO  com.zaxxer.hikari.HikariDataSource - HikariPool-1 - Starting...
2024-03-05 22:12:54 [main] INFO  com.zaxxer.hikari.pool.HikariPool - HikariPool-1 - Added connection org.postgresql.jdbc.PgConnection@10b8b900
2024-03-05 22:12:54 [main] INFO  com.zaxxer.hikari.HikariDataSource - HikariPool-1 - Start completed.
2024-03-05 22:12:54 [main] INFO  o.h.jpa.internal.util.LogHelper - HHH000204: Processing PersistenceUnitInfo [name: default]
2024-03-05 22:12:54 [main] INFO  org.hibernate.Version - HHH000412: Hibernate ORM core version 6.4.1.Final
2024-03-05 22:12:54 [main] INFO  o.h.c.i.RegionFactoryInitiator - HHH000026: Second-level cache disabled
2024-03-05 22:12:55 [main] INFO  o.s.o.j.p.SpringPersistenceUnitInfo - No LoadTimeWeaver setup: ignoring JPA class transformer
2024-03-05 22:12:56 [main] INFO  o.h.e.t.j.p.i.JtaPlatformInitiator - HHH000489: No JTA platform available (set 'hibernate.transaction.jta.platform' to enable JTA platform integration)
2024-03-05 22:12:56 [main] INFO  o.s.o.j.LocalContainerEntityManagerFactoryBean - Initialized JPA EntityManagerFactory for persistence unit 'default'
2024-03-05 22:12:57 [main] WARN  o.s.b.a.o.j.JpaBaseConfiguration$JpaWebConfiguration - spring.jpa.open-in-view is enabled by default. Therefore, database queries may be performed during view rendering. Explicitly configure spring.jpa.open-in-view to disable this warning
2024-03-05 22:12:57 [main] INFO  o.s.b.a.w.s.WelcomePageHandlerMapping - Adding welcome page template: index
2024-03-05 22:12:57 [main] INFO  o.s.s.web.DefaultSecurityFilterChain - Will secure any request with [org.springframework.security.web.session.DisableEncodeUrlFilter@2e895acb, org.springframework.security.web.context.request.async.WebAsyncManagerIntegrationFilter@5d1d05ff, org.springframework.security.web.context.SecurityContextHolderFilter@67c1fc9b, org.springframework.security.web.header.HeaderWriterFilter@5dfd4fac, org.springframework.web.filter.CorsFilter@5889e697, org.springframework.security.web.csrf.CsrfFilter@c6a1be2, org.springframework.security.web.authentication.logout.LogoutFilter@68e6856c, org.springframework.security.web.authentication.UsernamePasswordAuthenticationFilter@1fa8a4f7, org.springframework.security.web.savedrequest.RequestCacheAwareFilter@18a538a0, org.springframework.security.web.servletapi.SecurityContextHolderAwareRequestFilter@70736b19, org.springframework.security.web.authentication.rememberme.RememberMeAuthenticationFilter@665c79a2, org.springframework.security.web.authentication.AnonymousAuthenticationFilter@2c3d1214, org.springframework.security.web.access.ExceptionTranslationFilter@534c3b9d, org.springframework.security.web.access.intercept.AuthorizationFilter@5a983f8a]
2024-03-05 22:12:57 [main] ERROR freemarker.configuration - DefaultObjectWrapper.incompatibleImprovements was set to the object returned by Configuration.getVersion(). That defeats the purpose of incompatibleImprovements, and makes upgrading FreeMarker a potentially breaking change. Also, this probably won't be allowed starting from 2.4.0. Instead, set incompatibleImprovements to the highest concrete version that's known to be compatible with your application.
2024-03-05 22:12:57 [main] WARN  o.s.b.w.s.c.AnnotationConfigServletWebServerApplicationContext - Exception encountered during context initialization - cancelling refresh attempt: org.springframework.context.ApplicationContextException: Failed to start bean 'webServerStartStop'
2024-03-05 22:12:57 [main] INFO  o.s.o.j.LocalContainerEntityManagerFactoryBean - Closing JPA EntityManagerFactory for persistence unit 'default'
2024-03-05 22:12:57 [main] INFO  com.zaxxer.hikari.HikariDataSource - HikariPool-1 - Shutdown initiated...
2024-03-05 22:12:58 [main] INFO  com.zaxxer.hikari.HikariDataSource - HikariPool-1 - Shutdown completed.
2024-03-05 22:12:58 [main] INFO  o.s.b.a.l.ConditionEvaluationReportLogger - 

Error starting ApplicationContext. To display the condition evaluation report re-run your application with 'debug' enabled.
2024-03-05 22:12:58 [main] ERROR o.s.boot.SpringApplication - Application run failed
org.springframework.context.ApplicationContextException: Failed to start bean 'webServerStartStop'
	at org.springframework.context.support.DefaultLifecycleProcessor.doStart(DefaultLifecycleProcessor.java:291)
	at org.springframework.context.support.DefaultLifecycleProcessor$LifecycleGroup.start(DefaultLifecycleProcessor.java:471)
	at java.base/java.lang.Iterable.forEach(Iterable.java:75)
	at org.springframework.context.support.DefaultLifecycleProcessor.startBeans(DefaultLifecycleProcessor.java:260)
	at org.springframework.context.support.DefaultLifecycleProcessor.onRefresh(DefaultLifecycleProcessor.java:205)
	at org.springframework.context.support.AbstractApplicationContext.finishRefresh(AbstractApplicationContext.java:978)
	at org.springframework.context.support.AbstractApplicationContext.refresh(AbstractApplicationContext.java:627)
	at org.springframework.boot.web.servlet.context.ServletWebServerApplicationContext.refresh(ServletWebServerApplicationContext.java:146)
	at org.springframework.boot.SpringApplication.refresh(SpringApplication.java:754)
	at org.springframework.boot.SpringApplication.refreshContext(SpringApplication.java:456)
	at org.springframework.boot.SpringApplication.run(SpringApplication.java:334)
	at org.springframework.boot.SpringApplication.run(SpringApplication.java:1354)
	at org.springframework.boot.SpringApplication.run(SpringApplication.java:1343)
	at admin.Application.main(Application.java:10)
Caused by: org.springframework.boot.web.server.WebServerException: Unable to start embedded Tomcat server
	at org.springframework.boot.web.embedded.tomcat.TomcatWebServer.start(TomcatWebServer.java:249)
	at org.springframework.boot.web.servlet.context.WebServerStartStopLifecycle.start(WebServerStartStopLifecycle.java:44)
	at org.springframework.context.support.DefaultLifecycleProcessor.doStart(DefaultLifecycleProcessor.java:288)
	... 13 common frames omitted
Caused by: java.lang.IllegalArgumentException: standardService.connector.startFailed
	at org.apache.catalina.core.StandardService.addConnector(StandardService.java:235)
	at org.springframework.boot.web.embedded.tomcat.TomcatWebServer.addPreviouslyRemovedConnectors(TomcatWebServer.java:306)
	at org.springframework.boot.web.embedded.tomcat.TomcatWebServer.start(TomcatWebServer.java:234)
	... 15 common frames omitted
Caused by: org.apache.catalina.LifecycleException: Protocol handler start failed
	at org.apache.catalina.connector.Connector.startInternal(Connector.java:1046)
	at org.apache.catalina.util.LifecycleBase.start(LifecycleBase.java:171)
	at org.apache.catalina.core.StandardService.addConnector(StandardService.java:232)
	... 17 common frames omitted
Caused by: java.net.BindException: Адрес уже используется
	at java.base/sun.nio.ch.Net.bind0(Native Method)
	at java.base/sun.nio.ch.Net.bind(Net.java:555)
	at java.base/sun.nio.ch.ServerSocketChannelImpl.netBind(ServerSocketChannelImpl.java:337)
	at java.base/sun.nio.ch.ServerSocketChannelImpl.bind(ServerSocketChannelImpl.java:294)
	at org.apache.tomcat.util.net.NioEndpoint.initServerSocket(NioEndpoint.java:247)
	at org.apache.tomcat.util.net.NioEndpoint.bind(NioEndpoint.java:202)
	at org.apache.tomcat.util.net.AbstractEndpoint.bindWithCleanup(AbstractEndpoint.java:1282)
	at org.apache.tomcat.util.net.AbstractEndpoint.start(AbstractEndpoint.java:1368)
	at org.apache.coyote.AbstractProtocol.start(AbstractProtocol.java:635)
	at org.apache.catalina.connector.Connector.startInternal(Connector.java:1043)
	... 19 common frames omitted
